\BOOKMARK [0][-]{chapter.1}{Introduction}{}% 1
\BOOKMARK [1][-]{section.1.1}{Background}{chapter.1}% 2
\BOOKMARK [1][-]{section.1.2}{Problem Statement}{chapter.1}% 3
\BOOKMARK [1][-]{section.1.3}{Main Contributions}{chapter.1}% 4
\BOOKMARK [1][-]{section.1.4}{Limitations}{chapter.1}% 5
\BOOKMARK [1][-]{section.1.5}{Outline}{chapter.1}% 6
\BOOKMARK [0][-]{chapter.2}{Depth Estimation}{}% 7
\BOOKMARK [1][-]{section.2.1}{Introduction}{chapter.2}% 8
\BOOKMARK [1][-]{section.2.2}{Related Work}{chapter.2}% 9
\BOOKMARK [1][-]{section.2.3}{Depth Estimation Algorithms}{chapter.2}% 10
\BOOKMARK [2][-]{subsection.2.3.1}{Matching Cost calculation}{section.2.3}% 11
\BOOKMARK [2][-]{subsection.2.3.2}{Aggregation of Costs}{section.2.3}% 12
\BOOKMARK [2][-]{subsection.2.3.3}{Disparity Selection}{section.2.3}% 13
\BOOKMARK [2][-]{subsection.2.3.4}{Refinement}{section.2.3}% 14
\BOOKMARK [1][-]{section.2.4}{Summary}{chapter.2}% 15
\BOOKMARK [0][-]{chapter.3}{GPU and OpenCL}{}% 16
\BOOKMARK [1][-]{section.3.1}{Introduction}{chapter.3}% 17
\BOOKMARK [1][-]{section.3.2}{OpenCL}{chapter.3}% 18
\BOOKMARK [2][-]{subsection.3.2.1}{The OpenCL Specification}{section.3.2}% 19
\BOOKMARK [2][-]{subsection.3.2.2}{Kernels}{section.3.2}% 20
\BOOKMARK [1][-]{section.3.3}{GPU Optimization Strategies}{chapter.3}% 21
\BOOKMARK [2][-]{subsection.3.3.1}{Memory Optimizations}{section.3.3}% 22
\BOOKMARK [2][-]{subsection.3.3.2}{NDRange optimizations}{section.3.3}% 23
\BOOKMARK [2][-]{subsection.3.3.3}{Instruction optimizations}{section.3.3}% 24
\BOOKMARK [2][-]{subsection.3.3.4}{Control flow}{section.3.3}% 25
\BOOKMARK [1][-]{section.3.4}{Depth Estimation on a Parallel Architecture}{chapter.3}% 26
\BOOKMARK [0][-]{chapter.4}{Implementation}{}% 27
\BOOKMARK [1][-]{section.4.1}{The Algorithm}{chapter.4}% 28
\BOOKMARK [1][-]{section.4.2}{Overview}{chapter.4}% 29
\BOOKMARK [2][-]{subsection.4.2.1}{Assumptions}{section.4.2}% 30
\BOOKMARK [1][-]{section.4.3}{CPU Implementation}{chapter.4}% 31
\BOOKMARK [1][-]{section.4.4}{GPU Implementation}{chapter.4}% 32
\BOOKMARK [2][-]{subsection.4.4.1}{Initial implementation}{section.4.4}% 33
\BOOKMARK [2][-]{subsection.4.4.2}{Reduce memory usage}{section.4.4}% 34
\BOOKMARK [2][-]{subsection.4.4.3}{Using Local memory}{section.4.4}% 35
\BOOKMARK [2][-]{subsection.4.4.4}{Loop Unrolling}{section.4.4}% 36
\BOOKMARK [2][-]{subsection.4.4.5}{Create disparity map for both inputs}{section.4.4}% 37
\BOOKMARK [2][-]{subsection.4.4.6}{The Pyramid Algorithm}{section.4.4}% 38
\BOOKMARK [2][-]{subsection.4.4.7}{Refinement kernels}{section.4.4}% 39
\BOOKMARK [0][-]{chapter.5}{Evaluation}{}% 40
\BOOKMARK [1][-]{subsection.5.0.8}{Run time}{chapter.5}% 41
\BOOKMARK [2][-]{subsection.5.0.9}{Disparity map quality}{subsection.5.0.8}% 42
\BOOKMARK [1][-]{section.5.1}{Summary}{chapter.5}% 43
\BOOKMARK [0][-]{chapter.6}{Conclusion}{}% 44
\BOOKMARK [1][-]{section.6.1}{Summary}{chapter.6}% 45
\BOOKMARK [1][-]{section.6.2}{Future work}{chapter.6}% 46
